<?xml version="1.0" encoding="UTF-8"?>
<testsuite xmlns:xsi="http://www.w3.org/2001/XMLSchema-instance" xsi:noNamespaceSchemaLocation="https://maven.apache.org/surefire/maven-surefire-plugin/xsd/surefire-test-report-3.0.xsd" version="3.0" name="com.testing.api.runner.TestRunner" time="24.304" tests="4" errors="0" skipped="0" failures="0">
  <properties>
[...]
</properties>
  <testcase name="Change the phone number of the first Client named Laura" classname="Client testing CRUD" time="10.004">
    <system-out><![CDATA[13-09-2024 13:30:43 INFO [api.stepDefinitions.Hooks:16] - *****************************************************************************************
13-09-2024 13:30:43 INFO [api.stepDefinitions.Hooks:17] - 	Scenario: Change the phone number of the first Client named Laura
13-09-2024 13:30:43 INFO [api.stepDefinitions.Hooks:18] - *****************************************************************************************
13-09-2024 13:30:46 INFO [api.stepDefinitions.ClientSteps:62] - 201
13-09-2024 13:30:46 INFO [api.stepDefinitions.ClientSteps:62] - 201
13-09-2024 13:30:47 INFO [api.stepDefinitions.ClientSteps:62] - 201
13-09-2024 13:30:47 INFO [api.stepDefinitions.ClientSteps:62] - 201
13-09-2024 13:30:47 INFO [api.stepDefinitions.ClientSteps:62] - 201
13-09-2024 13:30:47 INFO [api.stepDefinitions.ClientSteps:62] - 201
13-09-2024 13:30:48 INFO [api.stepDefinitions.ClientSteps:62] - 201
13-09-2024 13:30:48 INFO [api.stepDefinitions.ClientSteps:62] - 201
13-09-2024 13:30:48 INFO [api.stepDefinitions.ClientSteps:62] - 201
13-09-2024 13:30:49 INFO [api.stepDefinitions.ClientSteps:70] - 201
13-09-2024 13:30:49 INFO [api.stepDefinitions.ClientSteps:166] - Successfully Validated schema from Client object
13-09-2024 13:30:50 INFO [api.stepDefinitions.ClientSteps:101] - Deleted client with ID 1: 200
13-09-2024 13:30:50 INFO [api.stepDefinitions.ClientSteps:101] - Deleted client with ID 2: 200
13-09-2024 13:30:50 INFO [api.stepDefinitions.ClientSteps:101] - Deleted client with ID 3: 200
13-09-2024 13:30:50 INFO [api.stepDefinitions.ClientSteps:101] - Deleted client with ID 4: 200
13-09-2024 13:30:51 INFO [api.stepDefinitions.ClientSteps:101] - Deleted client with ID 5: 200
13-09-2024 13:30:51 INFO [api.stepDefinitions.ClientSteps:101] - Deleted client with ID 6: 200
13-09-2024 13:30:51 INFO [api.stepDefinitions.ClientSteps:101] - Deleted client with ID 7: 200
13-09-2024 13:30:52 INFO [api.stepDefinitions.ClientSteps:101] - Deleted client with ID 8: 200
13-09-2024 13:30:52 INFO [api.stepDefinitions.ClientSteps:101] - Deleted client with ID 9: 200
13-09-2024 13:30:52 INFO [api.stepDefinitions.ClientSteps:101] - Deleted client with ID 10: 200
13-09-2024 13:30:52 INFO [api.stepDefinitions.Hooks:24] - *****************************************************************************************
13-09-2024 13:30:52 INFO [api.stepDefinitions.Hooks:25] - 	Scenario finished: Change the phone number of the first Client named Laura
13-09-2024 13:30:52 INFO [api.stepDefinitions.Hooks:26] - *****************************************************************************************
]]></system-out>
  </testcase>
  <testcase name="Update and delete a New Client" classname="Client testing CRUD" time="0.824">
    <system-out><![CDATA[13-09-2024 13:30:52 INFO [api.stepDefinitions.Hooks:16] - *****************************************************************************************
13-09-2024 13:30:52 INFO [api.stepDefinitions.Hooks:17] - 	Scenario: Update and delete a New Client
13-09-2024 13:30:52 INFO [api.stepDefinitions.Hooks:18] - *****************************************************************************************
13-09-2024 13:30:52 INFO [api.stepDefinitions.ClientSteps:62] - 201
13-09-2024 13:30:53 INFO [api.stepDefinitions.ClientSteps:166] - Successfully Validated schema from Client object
13-09-2024 13:30:53 INFO [api.stepDefinitions.ClientSteps:101] - Deleted client with ID 1: 200
13-09-2024 13:30:53 INFO [api.stepDefinitions.Hooks:24] - *****************************************************************************************
13-09-2024 13:30:53 INFO [api.stepDefinitions.Hooks:25] - 	Scenario finished: Update and delete a New Client
13-09-2024 13:30:53 INFO [api.stepDefinitions.Hooks:26] - *****************************************************************************************
]]></system-out>
  </testcase>
  <testcase name="Get the list of active resources" classname="Resource testing CRUD" time="4.559">
    <system-out><![CDATA[13-09-2024 13:30:53 INFO [api.stepDefinitions.Hooks:16] - *****************************************************************************************
13-09-2024 13:30:53 INFO [api.stepDefinitions.Hooks:17] - 	Scenario: Get the list of active resources
13-09-2024 13:30:53 INFO [api.stepDefinitions.Hooks:18] - *****************************************************************************************
13-09-2024 13:30:53 INFO [api.stepDefinitions.ResourceSteps:36] - 201
13-09-2024 13:30:54 INFO [api.stepDefinitions.ResourceSteps:36] - 201
13-09-2024 13:30:54 INFO [api.stepDefinitions.ResourceSteps:36] - 201
13-09-2024 13:30:54 INFO [api.stepDefinitions.ResourceSteps:36] - 201
13-09-2024 13:30:54 INFO [api.stepDefinitions.ResourceSteps:36] - 201
13-09-2024 13:30:55 INFO [api.stepDefinitions.ResourceSteps:84] - Updated resource: 1
13-09-2024 13:30:55 INFO [api.stepDefinitions.ResourceSteps:90] - Successfully Validated schema from Resource object
13-09-2024 13:30:55 INFO [api.stepDefinitions.ResourceSteps:84] - Updated resource: 2
13-09-2024 13:30:55 INFO [api.stepDefinitions.ResourceSteps:90] - Successfully Validated schema from Resource object
13-09-2024 13:30:56 INFO [api.stepDefinitions.ResourceSteps:84] - Updated resource: 3
13-09-2024 13:30:56 INFO [api.stepDefinitions.ResourceSteps:90] - Successfully Validated schema from Resource object
13-09-2024 13:30:56 INFO [api.stepDefinitions.ResourceSteps:84] - Updated resource: 4
13-09-2024 13:30:56 INFO [api.stepDefinitions.ResourceSteps:90] - Successfully Validated schema from Resource object
13-09-2024 13:30:56 INFO [api.stepDefinitions.ResourceSteps:84] - Updated resource: 5
13-09-2024 13:30:56 INFO [api.stepDefinitions.ResourceSteps:90] - Successfully Validated schema from Resource object
13-09-2024 13:30:56 INFO [api.stepDefinitions.ResourceSteps:66] - Deleted resource with ID 1: 200
13-09-2024 13:30:57 INFO [api.stepDefinitions.ResourceSteps:66] - Deleted resource with ID 2: 200
13-09-2024 13:30:57 INFO [api.stepDefinitions.ResourceSteps:66] - Deleted resource with ID 3: 200
13-09-2024 13:30:57 INFO [api.stepDefinitions.ResourceSteps:66] - Deleted resource with ID 4: 200
13-09-2024 13:30:57 INFO [api.stepDefinitions.ResourceSteps:66] - Deleted resource with ID 5: 200
13-09-2024 13:30:57 INFO [api.stepDefinitions.Hooks:24] - *****************************************************************************************
13-09-2024 13:30:57 INFO [api.stepDefinitions.Hooks:25] - 	Scenario finished: Get the list of active resources
13-09-2024 13:30:57 INFO [api.stepDefinitions.Hooks:26] - *****************************************************************************************
]]></system-out>
  </testcase>
  <testcase name="Update the last created resource" classname="Resource testing CRUD" time="8.583">
    <system-out><![CDATA[13-09-2024 13:30:57 INFO [api.stepDefinitions.Hooks:16] - *****************************************************************************************
13-09-2024 13:30:57 INFO [api.stepDefinitions.Hooks:17] - 	Scenario: Update the last created resource
13-09-2024 13:30:57 INFO [api.stepDefinitions.Hooks:18] - *****************************************************************************************
13-09-2024 13:30:58 INFO [api.stepDefinitions.ResourceSteps:36] - 201
13-09-2024 13:30:58 INFO [api.stepDefinitions.ResourceSteps:36] - 201
13-09-2024 13:30:58 INFO [api.stepDefinitions.ResourceSteps:36] - 201
13-09-2024 13:30:59 INFO [api.stepDefinitions.ResourceSteps:36] - 201
13-09-2024 13:30:59 INFO [api.stepDefinitions.ResourceSteps:36] - 201
13-09-2024 13:30:59 INFO [api.stepDefinitions.ResourceSteps:36] - 201
13-09-2024 13:30:59 INFO [api.stepDefinitions.ResourceSteps:36] - 201
13-09-2024 13:31:00 INFO [api.stepDefinitions.ResourceSteps:36] - 201
13-09-2024 13:31:00 INFO [api.stepDefinitions.ResourceSteps:36] - 201
13-09-2024 13:31:00 INFO [api.stepDefinitions.ResourceSteps:36] - 201
13-09-2024 13:31:01 INFO [api.stepDefinitions.ResourceSteps:36] - 201
13-09-2024 13:31:01 INFO [api.stepDefinitions.ResourceSteps:36] - 201
13-09-2024 13:31:01 INFO [api.stepDefinitions.ResourceSteps:36] - 201
13-09-2024 13:31:01 INFO [api.stepDefinitions.ResourceSteps:36] - 201
13-09-2024 13:31:02 INFO [api.stepDefinitions.ResourceSteps:36] - 201
13-09-2024 13:31:02 INFO [api.stepDefinitions.ResourceSteps:51] - Last resource ID: 15
13-09-2024 13:31:02 INFO [api.stepDefinitions.ResourceSteps:54] - Request Body: {
  "name": "Awesome Tuna",
  "trademark": "M",
  "stock": 1234,
  "price": 5.6,
  "description": "Nulla non eros euismod, eleifend nibh a, efficitur arcu. Nam dapibus erat a turpis blandit tincidunt. In est massa, tristique in magna quis, dignissim ornare nisi",
  "tags": "food",
  "active": false,
  "id":15
}
13-09-2024 13:31:02 INFO [api.stepDefinitions.ResourceSteps:103] - Successfully Validated schema from Resource object
13-09-2024 13:31:02 INFO [api.stepDefinitions.ResourceSteps:66] - Deleted resource with ID 1: 200
13-09-2024 13:31:03 INFO [api.stepDefinitions.ResourceSteps:66] - Deleted resource with ID 2: 200
13-09-2024 13:31:03 INFO [api.stepDefinitions.ResourceSteps:66] - Deleted resource with ID 3: 200
13-09-2024 13:31:03 INFO [api.stepDefinitions.ResourceSteps:66] - Deleted resource with ID 4: 200
13-09-2024 13:31:03 INFO [api.stepDefinitions.ResourceSteps:66] - Deleted resource with ID 5: 200
13-09-2024 13:31:04 INFO [api.stepDefinitions.ResourceSteps:66] - Deleted resource with ID 6: 200
13-09-2024 13:31:04 INFO [api.stepDefinitions.ResourceSteps:66] - Deleted resource with ID 7: 200
13-09-2024 13:31:04 INFO [api.stepDefinitions.ResourceSteps:66] - Deleted resource with ID 8: 200
13-09-2024 13:31:04 INFO [api.stepDefinitions.ResourceSteps:66] - Deleted resource with ID 9: 200
13-09-2024 13:31:05 INFO [api.stepDefinitions.ResourceSteps:66] - Deleted resource with ID 10: 200
13-09-2024 13:31:05 INFO [api.stepDefinitions.ResourceSteps:66] - Deleted resource with ID 11: 200
13-09-2024 13:31:05 INFO [api.stepDefinitions.ResourceSteps:66] - Deleted resource with ID 12: 200
13-09-2024 13:31:05 INFO [api.stepDefinitions.ResourceSteps:66] - Deleted resource with ID 13: 200
13-09-2024 13:31:06 INFO [api.stepDefinitions.ResourceSteps:66] - Deleted resource with ID 14: 200
13-09-2024 13:31:06 INFO [api.stepDefinitions.ResourceSteps:66] - Deleted resource with ID 15: 200
13-09-2024 13:31:06 INFO [api.stepDefinitions.Hooks:24] - *****************************************************************************************
13-09-2024 13:31:06 INFO [api.stepDefinitions.Hooks:25] - 	Scenario finished: Update the last created resource
13-09-2024 13:31:06 INFO [api.stepDefinitions.Hooks:26] - *****************************************************************************************
]]></system-out>
  </testcase>
</testsuite>